build/app/outputs/mapping/release/seeds.txt
com.SQ.Entregas.Application
com.SQ.Entregas.MainActivity
com.SQ.Entregas.Application: Application()
com.SQ.Entregas.MainActivity: MainActivity()
...
com.google.firebase.storage.BuildConfig
com.google.firebase.auth.zza
com.google.firebase.concurrent.CustomThreadFactory
com.google.firebase.messaging.threads.PoolableExecutors$DefaultExecutorFactory
io.flutter.plugins.pathprovider.Messages$PathProviderApi
com.google.firebase.auth.internal.zzbi
io.flutter.embedding.engine.dart.DartMessenger
com.google.android.recaptcha.internal.zzgh
com.google.android.recaptcha.internal.zzeu
com.dexterous.flutterlocalnotifications.R$string
com.google.android.recaptcha.internal.zzab
io.flutter.plugins.googlesignin.BackgroundTaskRunner$Callback
androidx.appcompat.widget.DialogTitle
io.flutter.plugin.editing.ImeSyncDeferringInsetsCallback
io.flutter.plugin.common.EventChannel
io.flutter.embedding.engine.FlutterEngineConnectionRegistry
com.google.android.recaptcha.internal.zzbv
com.dexterous.flutterlocalnotifications.models.styles.MessagingStyleInformation
io.flutter.plugins.urllauncher.R
com.google.firebase.installations.R$style
io.flutter.plugins.share.R$style
io.flutter.plugins.firebase.auth.IdTokenChannelStreamHandler
com.google.android.recaptcha.internal.zzh
com.google.firebase.storage.OnPausedListener
com.google.android.recaptcha.Recaptcha$getTasksClient$1
androidx.window.layout.FoldingFeature$OcclusionType$Companion
com.google.android.recaptcha.internal.zzcv
com.google.firebase.auth.internal.zzs
com.google.android.recaptcha.internal.zzbf
io.flutter.view.AccessibilityBridge$Action
com.google.android.recaptcha.internal.zziq
io.flutter.plugin.common.EventChannel$IncomingStreamRequestHandler
com.dexterous.flutterlocalnotifications.R$drawable
io.flutter.app.FlutterFragmentActivity
io.flutter.embedding.engine.systemchannels.LocalizationChannel
com.google.android.gms.auth.UserRecoverableAuthException
com.google.firebase.messaging.Constants$MessagePayloadKeys
com.google.firebase.auth.zzj
com.google.firebase.auth.internal.zzbk
io.flutter.plugins.googlemaps.GoogleMapListener
com.google.firebase.dynamiclinks.ShortDynamicLink
io.flutter.embedding.android.FlutterActivityAndFragmentDelegate$2
io.flutter.embedding.engine.systemchannels.KeyEventChannel
com.google.firebase.concurrent.UiExecutor
com.google.firebase.auth.zzh
io.flutter.plugin.common.StandardMessageCodec
com.google.firebase.components.ComponentRuntime$Builder
com.google.firebase.appcheck.interop.R$raw
io.flutter.plugin.common.BasicMessageChannel$MessageHandler
io.flutter.plugins.firebase.messaging.JobIntentService$JobServiceEngineImpl
com.google.android.recaptcha.internal.zzil
com.google.android.recaptcha.internal.zzbk
io.flutter.plugins.firebase.messaging.JobIntentService$ComponentNameWithWakeful
com.google.android.gms.maps.model.LatLng
com.google.firebase.auth.internal.zzay
io.flutter.plugins.firebase.auth.R$raw
io.flutter.embedding.android.FlutterImageView
io.flutter.plugins.firebase.dynamiclinks.BuildConfig
androidx.window.embedding.ExtensionEmbeddingBackend
kotlinx.coroutines.android.AndroidExceptionPreHandler
com.google.firebase.storage.StorageMetadata$MetadataValue
androidx.window.embedding.SplitController$Companion
com.google.firebase.encoders.annotations.Encodable
com.google.firebase.messaging.FcmExecutors
com.google.firebase.messaging.reporting.MessagingClientEventExtension
androidx.window.embedding.SplitRule$LayoutDir
io.flutter.plugins.googlemaps.PolylineOptionsSink
io.flutter.view.VsyncWaiter$FrameCallback
com.google.firebase.platforminfo.GlobalLibraryVersionRegistrar
androidx.media.AudioAttributesCompatParcelizer
com.google.firebase.messaging.AutoProtoEncoderDoNotUseEncoder
com.google.firebase.storage.ListResult
com.google.firebase.auth.internal.zzau
io.flutter.plugin.editing.TextInputPlugin
com.google.firebase.auth.internal.zzbn
com.google.firebase.concurrent.DelegatingScheduledFuture$Resolver
com.android.installreferrer.api.ReferrerDetails
com.google.firebase.installations.interop.R$color
io.flutter.plugins.googlemaps.R$style
com.google.firebase.installations.InstallationTokenResult$Builder