build/app/outputs/mapping/release/mapping.txt
# compiler: R8
# compiler_version: 3.1.66
# min_api: 21
# pg_map_id: e88879a
# common_typos_disable
# {"id":"com.android.tools.r8.mapping","version":"1.0"}
...
com.google.android.gms.common.api.internal.ApiKey -> r3.b:
    com.google.android.gms.common.api.Api$ApiOptions zac -> c
    int zaa -> a
    com.google.android.gms.common.api.Api zab -> b
    java.lang.String zad -> d
    com.google.android.gms.common.api.internal.ApiKey zaa(com.google.android.gms.common.api.Api,com.google.android.gms.common.api.Api$ApiOptions,java.lang.String) -> a
    java.lang.String zab() -> b
com.google.android.gms.common.api.internal.BackgroundDetector -> r3.c:
    java.util.concurrent.atomic.AtomicBoolean zzc -> q
    java.util.concurrent.atomic.AtomicBoolean zzb -> p
    java.util.ArrayList zzd -> r
    boolean zze -> s
    com.google.android.gms.common.api.internal.BackgroundDetector zza -> t
    void addListener(com.google.android.gms.common.api.internal.BackgroundDetector$BackgroundStateChangeListener) -> a
    com.google.android.gms.common.api.internal.BackgroundDetector getInstance() -> b
    void initialize(android.app.Application) -> c
    boolean isInBackground() -> d
    boolean readCurrentStateIfPossible(boolean) -> e
    void zza(boolean) -> f
com.google.android.gms.common.api.internal.BackgroundDetector$BackgroundStateChangeListener -> r3.c$a:
com.google.android.gms.common.api.internal.BaseImplementation$ApiMethodImpl -> com.google.android.gms.common.api.internal.a:
    com.google.android.gms.common.api.Api$AnyClientKey mClientKey -> q
    com.google.android.gms.common.api.Api mApi -> r
    void setResult(java.lang.Object) -> a
    void doExecute(com.google.android.gms.common.api.Api$AnyClient) -> m
    void onSetFailedResult(com.google.android.gms.common.api.Result) -> n
    void run(com.google.android.gms.common.api.Api$AnyClient) -> o
    void setFailedResult(android.os.RemoteException) -> p
    void setFailedResult(com.google.android.gms.common.api.Status) -> q
com.google.android.gms.common.api.internal.BaseImplementation$ResultHolder -> r3.d:
    void setResult(java.lang.Object) -> a
com.google.android.gms.common.api.internal.BasePendingResult -> com.google.android.gms.common.api.internal.BasePendingResult:
    boolean zaq -> n
    com.google.android.gms.common.api.Status zak -> i
    boolean zal -> j
    boolean zam -> k
    boolean zan -> l
    java.util.ArrayList zag -> e
    com.google.android.gms.common.api.ResultCallback zah -> f
    com.google.android.gms.common.api.internal.BasePendingResult$CallbackHandler zab -> b
    java.lang.ThreadLocal zaa -> o
    java.util.concurrent.atomic.AtomicReference zai -> g
    com.google.android.gms.common.internal.ICancelToken zao -> m
    com.google.android.gms.common.api.Result zaj -> h
    java.lang.ref.WeakReference zac -> c
    java.lang.Object zae -> a
    java.util.concurrent.CountDownLatch zaf -> d
    int zad -> p
    void addStatusListener(com.google.android.gms.common.api.PendingResult$StatusListener) -> b
    com.google.android.gms.common.api.Result await(long,java.util.concurrent.TimeUnit) -> c
    com.google.android.gms.common.api.Result createFailedResult(com.google.android.gms.common.api.Status) -> d
    void forceFailureUnlessReady(com.google.android.gms.common.api.Status) -> e
    boolean isReady() -> f
    void setResult(com.google.android.gms.common.api.Result) -> g
    com.google.android.gms.common.api.Result zaa() -> h
    void zab(com.google.android.gms.common.api.Result) -> i
com.google.android.gms.common.api.internal.BasePendingResult$CallbackHandler -> com.google.android.gms.common.api.internal.BasePendingResult$a:
    void zaa(com.google.android.gms.common.api.ResultCallback,com.google.android.gms.common.api.Result) -> a
com.google.android.gms.common.api.internal.ConnectionCallbacks -> r3.e:
    void onConnectionSuspended(int) -> k
    void onConnected(android.os.Bundle) -> z