build/app/outputs/mapping/release/usage.txt
com.SQ.Entregas.BuildConfig
com.SQ.Entregas.R$anim
com.SQ.Entregas.R$animator
com.SQ.Entregas.R$attr
com.SQ.Entregas.R$bool
com.SQ.Entregas.R$color
com.SQ.Entregas.R$dimen
com.SQ.Entregas.R$drawable
com.SQ.Entregas.R$id
com.SQ.Entregas.R$integer
com.SQ.Entregas.R$interpolator
com.SQ.Entregas.R$layout
com.SQ.Entregas.R$mipmap
com.SQ.Entregas.R$raw
com.SQ.Entregas.R$string
com.SQ.Entregas.R$style
com.SQ.Entregas.R$styleable
com.SQ.Entregas.R$xml
com.SQ.Entregas.R
...
com.google.android.gms.auth.api.identity.BeginSignInRequest$PasswordRequestOptions$Builder
com.google.android.gms.auth.api.identity.BeginSignInRequest$PasswordRequestOptions
com.google.android.gms.auth.api.identity.BeginSignInRequest
com.google.android.gms.auth.api.identity.BeginSignInResult
com.google.android.gms.auth.api.identity.CredentialSavingClient
com.google.android.gms.auth.api.identity.GetPhoneNumberHintIntentRequest$Builder
com.google.android.gms.auth.api.identity.GetPhoneNumberHintIntentRequest
com.google.android.gms.auth.api.identity.GetSignInIntentRequest$Builder
com.google.android.gms.auth.api.identity.GetSignInIntentRequest
com.google.android.gms.auth.api.identity.Identity
com.google.android.gms.auth.api.identity.SaveAccountLinkingTokenRequest$Builder
com.google.android.gms.auth.api.identity.SaveAccountLinkingTokenRequest
com.google.android.gms.auth.api.identity.SaveAccountLinkingTokenResult
com.google.android.gms.auth.api.identity.SavePasswordRequest$Builder
com.google.android.gms.auth.api.identity.SavePasswordRequest
com.google.android.gms.auth.api.identity.SavePasswordResult
com.google.android.gms.auth.api.identity.SignInClient
com.google.android.gms.auth.api.identity.SignInCredential
com.google.android.gms.auth.api.identity.SignInPassword
com.google.android.gms.auth.api.identity.zba
com.google.android.gms.auth.api.identity.zbb
com.google.android.gms.auth.api.identity.zbc
com.google.android.gms.auth.api.identity.zbd
com.google.android.gms.auth.api.identity.zbe
com.google.android.gms.auth.api.identity.zbf
com.google.android.gms.auth.api.identity.zbg
com.google.android.gms.auth.api.identity.zbh
com.google.android.gms.auth.api.identity.zbi
com.google.android.gms.auth.api.identity.zbj
com.google.android.gms.auth.api.identity.zbk
com.google.android.gms.auth.api.identity.zbl
com.google.android.gms.auth.api.identity.zbm
com.google.android.gms.auth.api.identity.zbn
com.google.android.gms.auth.api.identity.zbo
com.google.android.gms.auth.api.identity.zbp
com.google.android.gms.auth.api.identity.zbq
com.google.android.gms.auth.api.phone.R
com.google.android.gms.auth.api.phone.SmsCodeAutofillClient$PermissionState
com.google.android.gms.auth.api.phone.SmsCodeAutofillClient
com.google.android.gms.auth.api.phone.SmsCodeBrowserClient
com.google.android.gms.auth.api.phone.SmsCodeRetriever
com.google.android.gms.auth.api.phone.SmsRetriever:
    public static final java.lang.String EXTRA_CONSENT_INTENT
    public static final java.lang.String EXTRA_SIM_SUBSCRIPTION_ID
    public static final java.lang.String EXTRA_SMS_MESSAGE
    public static final java.lang.String EXTRA_STATUS
    public static final java.lang.String SEND_PERMISSION
    public static final java.lang.String SMS_RETRIEVED_ACTION
    private void <init>()
    public static com.google.android.gms.auth.api.phone.SmsRetrieverClient getClient(android.app.Activity)
com.google.android.gms.auth.api.phone.SmsRetrieverApi
com.google.android.gms.auth.api.phone.SmsRetrieverClient:
    public void <init>(android.app.Activity)
    public abstract com.google.android.gms.tasks.Task startSmsUserConsent(java.lang.String)
com.google.android.gms.auth.api.phone.SmsRetrieverStatusCodes
com.google.android.gms.auth.api.proxy.AuthApiStatusCodes
com.google.android.gms.auth.api.proxy.ProxyApi$ProxyResult
com.google.android.gms.auth.api.proxy.ProxyApi$SpatulaHeaderResult
com.google.android.gms.auth.api.proxy.ProxyApi:
    public abstract com.google.android.gms.common.api.PendingResult getSpatulaHeader(com.google.android.gms.common.api.GoogleApiClient)
    public abstract com.google.android.gms.common.api.PendingResult performProxyRequest(com.google.android.gms.common.api.GoogleApiClient,com.google.android.gms.auth.api.proxy.ProxyRequest)
com.google.android.gms.auth.api.proxy.ProxyClient
com.google.android.gms.auth.api.proxy.ProxyRequest$Builder
com.google.android.gms.auth.api.proxy.ProxyRequest
com.google.android.gms.auth.api.proxy.ProxyResponse